<?xml version="1.0" encoding="UTF-8"?>
<!-- Generated by org.testng.reporters.JUnitXMLReporter -->
<testsuite ignored="1" hostname="TYSS-Sumanth" failures="0" tests="7" name="Test" time="33.43" errors="0" timestamp="2023-12-28T10:49:00 IST">
  <testcase classname="watch.Casio_Test" name="game2" time="6.324"/>
  <testcase classname="watch.FireBoltt_Test" name="game" time="2.386"/>
  <testcase classname="watch.Fossil_Test" name="game" time="3.497"/>
  <testcase classname="watch.Helios_Test" name="game" time="7.287"/>
  <testcase classname="watch.Boat_Test" name="game" time="6.615"/>
  <testcase classname="watch.JokerAndWitch_Test" name="game" time="3.585"/>
  <testcase classname="watch.Rado_Test" name="game" time="3.69"/>
  <testcase classname="watch.Casio_Test" name="game" time="0.0">
    <ignored/>
  </testcase> <!-- game -->
</testsuite> <!-- Test -->
